TN:
SF:app.jsx
FN:116,severityFor
FN:122,initialGates
FN:134,fmtClock
FN:142,stripFence
FN:155,StadiumOpsControl
FN:324,syncChannelWithGenAI
FN:354,sendRadioMessage
FN:401,getSopChecklist
FN:479,handleAcceptAIRecommendation
FN:484,handleTriggerCameraSimulation
FN:490,handleTriggerForecast
FN:495,triggerUnitDispatch
FN:507,toggleSopStep
FN:527,sevPill
FN:574,onClick
FN:660,onOpenAssistant
FN:734,CommsHubView
FN:854,Overview
FN:893,GatesView
FN:946,AssistantView
FN:1017,IncidentsView
FNF:21
FNH:5
FNDA:98,severityFor
FNDA:2,initialGates
FNDA:6,fmtClock
FNDA:0,stripFence
FNDA:7,StadiumOpsControl
FNDA:0,syncChannelWithGenAI
FNDA:0,sendRadioMessage
FNDA:0,getSopChecklist
FNDA:0,handleAcceptAIRecommendation
FNDA:0,handleTriggerCameraSimulation
FNDA:0,handleTriggerForecast
FNDA:0,triggerUnitDispatch
FNDA:0,toggleSopStep
FNDA:0,sevPill
FNDA:0,onClick
FNDA:0,onOpenAssistant
FNDA:0,CommsHubView
FNDA:5,Overview
FNDA:0,GatesView
FNDA:0,AssistantView
FNDA:0,IncidentsView
DA:1,1
DA:2,1
DA:3,1
DA:4,1
DA:5,1
DA:6,1
DA:7,1
DA:8,1
DA:9,1
DA:10,1
DA:11,1
DA:12,1
DA:13,1
DA:14,1
DA:15,1
DA:16,1
DA:17,1
DA:18,1
DA:19,1
DA:20,1
DA:21,1
DA:22,1
DA:23,1
DA:24,1
DA:25,1
DA:26,1
DA:27,1
DA:28,1
DA:29,1
DA:30,1
DA:31,1
DA:32,1
DA:33,1
DA:34,1
DA:35,1
DA:36,1
DA:37,1
DA:38,1
DA:39,1
DA:40,1
DA:41,1
DA:42,1
DA:43,1
DA:44,1
DA:45,1
DA:46,1
DA:47,1
DA:48,1
DA:49,1
DA:50,1
DA:51,1
DA:52,1
DA:53,1
DA:54,1
DA:55,1
DA:56,1
DA:57,1
DA:58,1
DA:59,1
DA:60,1
DA:61,1
DA:62,1
DA:63,1
DA:64,1
DA:65,1
DA:66,1
DA:67,1
DA:68,1
DA:69,1
DA:70,1
DA:71,1
DA:72,1
DA:73,1
DA:74,1
DA:75,1
DA:76,1
DA:77,1
DA:78,1
DA:79,1
DA:80,1
DA:81,1
DA:82,1
DA:83,1
DA:84,1
DA:85,1
DA:86,1
DA:87,1
DA:88,1
DA:89,1
DA:90,1
DA:91,1
DA:92,1
DA:93,1
DA:94,1
DA:95,1
DA:96,1
DA:97,1
DA:98,1
DA:99,1
DA:100,1
DA:101,1
DA:102,1
DA:103,1
DA:104,1
DA:105,1
DA:106,1
DA:107,1
DA:108,1
DA:109,1
DA:110,1
DA:111,1
DA:112,1
DA:113,1
DA:114,1
DA:115,1
DA:116,98
DA:117,98
DA:118,98
DA:119,98
DA:120,98
DA:121,1
DA:122,2
DA:123,2
DA:124,16
DA:125,16
DA:126,16
DA:127,16
DA:128,16
DA:129,16
DA:130,16
DA:131,2
DA:132,2
DA:133,1
DA:134,6
DA:135,6
DA:136,0
DA:137,0
DA:138,0
DA:139,1
DA:140,1
DA:141,1
DA:142,0
DA:143,0
DA:144,0
DA:145,1
DA:146,1
DA:147,1
DA:148,1
DA:149,1
DA:150,1
DA:151,1
DA:152,1
DA:153,1
DA:154,1
DA:155,7
DA:156,7
DA:157,7
DA:158,7
DA:159,7
DA:160,7
DA:161,7
DA:162,7
DA:163,7
DA:164,7
DA:165,7
DA:166,7
DA:167,7
DA:168,7
DA:169,7
DA:170,7
DA:171,7
DA:172,7
DA:173,7
DA:174,7
DA:175,7
DA:176,7
DA:177,7
DA:178,7
DA:179,7
DA:180,7
DA:181,7
DA:182,7
DA:183,7
DA:184,7
DA:185,7
DA:186,7
DA:187,7
DA:188,7
DA:189,7
DA:190,7
DA:191,7
DA:192,7
DA:193,7
DA:194,7
DA:195,7
DA:196,7
DA:197,7
DA:198,7
DA:199,7
DA:200,7
DA:201,7
DA:202,7
DA:203,7
DA:204,7
DA:205,7
DA:206,7
DA:207,7
DA:208,7
DA:209,7
DA:210,7
DA:211,7
DA:212,7
DA:213,7
DA:214,7
DA:215,7
DA:216,2
DA:217,2
DA:218,0
DA:219,0
DA:220,0
DA:221,0
DA:222,0
DA:223,0
DA:224,0
DA:225,0
DA:226,0
DA:227,0
DA:228,0
DA:229,0
DA:230,0
DA:231,0
DA:232,0
DA:233,0
DA:234,0
DA:235,0
DA:236,0
DA:237,0
DA:238,0
DA:239,0
DA:240,2
DA:241,2
DA:242,7
DA:243,7
DA:244,7
DA:245,7
DA:246,2
DA:247,2
DA:248,2
DA:249,2
DA:250,2
DA:251,2
DA:252,16
DA:253,16
DA:254,16
DA:255,16
DA:256,16
DA:257,16
DA:258,2
DA:259,2
DA:260,2
DA:261,7
DA:262,7
DA:263,7
DA:264,7
DA:265,2
DA:266,2
DA:267,2
DA:268,2
DA:269,2
DA:270,2
DA:271,0
DA:272,0
DA:273,0
DA:274,0
DA:275,0
DA:276,2
DA:277,2
DA:278,2
DA:279,2
DA:280,2
DA:281,2
DA:282,2
DA:283,0
DA:284,0
DA:285,0
DA:286,0
DA:287,2
DA:288,2
DA:289,2
DA:290,1
DA:291,1
DA:292,2
DA:293,2
DA:294,2
DA:295,2
DA:296,7
DA:297,7
DA:298,7
DA:299,2
DA:300,2
DA:301,2
DA:302,7
DA:303,7
DA:304,7
DA:305,0
DA:306,0
DA:307,0
DA:308,0
DA:309,0
DA:310,0
DA:311,0
DA:312,0
DA:313,0
DA:314,0
DA:315,0
DA:316,0
DA:317,0
DA:318,0
DA:319,0
DA:320,0
DA:321,7
DA:322,7
DA:323,7
DA:324,7
DA:325,0
DA:326,0
DA:327,0
DA:328,0
DA:329,0
DA:330,0
DA:331,0
DA:332,0
DA:333,0
DA:334,0
DA:335,0
DA:336,0
DA:337,0
DA:338,0
DA:339,0
DA:340,0
DA:341,0
DA:342,0
DA:343,0
DA:344,0
DA:345,0
DA:346,0
DA:347,0
DA:348,0
DA:349,0
DA:350,0
DA:351,0
DA:352,0
DA:353,7
DA:354,7
DA:355,0
DA:356,0
DA:357,0
DA:358,0
DA:359,0
DA:360,0
DA:361,0
DA:362,0
DA:363,0
DA:364,0
DA:365,0
DA:366,0
DA:367,0
DA:368,0
DA:369,0
DA:370,0
DA:371,0
DA:372,0
DA:373,0
DA:374,0
DA:375,0
DA:376,0
DA:377,0
DA:378,0
DA:379,0
DA:380,0
DA:381,0
DA:382,0
DA:383,0
DA:384,0
DA:385,0
DA:386,0
DA:387,0
DA:388,0
DA:389,0
DA:390,0
DA:391,0
DA:392,0
DA:393,0
DA:394,0
DA:395,0
DA:396,0
DA:397,0
DA:398,0
DA:399,0
DA:400,7
DA:401,7
DA:402,0
DA:403,0
DA:404,0
DA:405,0
DA:406,0
DA:407,0
DA:408,0
DA:409,0
DA:410,0
DA:411,0
DA:412,0
DA:413,0
DA:414,0
DA:415,0
DA:416,0
DA:417,0
DA:418,0
DA:419,0
DA:420,0
DA:421,0
DA:422,7
DA:423,7
DA:424,0
DA:425,0
DA:426,0
DA:427,0
DA:428,0
DA:429,0
DA:430,0
DA:431,0
DA:432,0
DA:433,0
DA:434,0
DA:435,0
DA:436,0
DA:437,0
DA:438,0
DA:439,0
DA:440,0
DA:441,0
DA:442,0
DA:443,0
DA:444,0
DA:445,0
DA:446,0
DA:447,0
DA:448,0
DA:449,0
DA:450,0
DA:451,0
DA:452,0
DA:453,0
DA:454,0
DA:455,0
DA:456,0
DA:457,0
DA:458,0
DA:459,0
DA:460,0
DA:461,0
DA:462,0
DA:463,0
DA:464,0
DA:465,7
DA:466,7
DA:467,7
DA:468,0
DA:469,0
DA:470,0
DA:471,0
DA:472,0
DA:473,0
DA:474,0
DA:475,0
DA:476,0
DA:477,7
DA:478,7
DA:479,7
DA:480,0
DA:481,0
DA:482,0
DA:483,7
DA:484,7
DA:485,0
DA:486,0
DA:487,0
DA:488,0
DA:489,7
DA:490,7
DA:491,0
DA:492,0
DA:493,0
DA:494,7
DA:495,7
DA:496,0
DA:497,0
DA:498,0
DA:499,0
DA:500,0
DA:501,0
DA:502,0
DA:503,0
DA:504,0
DA:505,0
DA:506,7
DA:507,7
DA:508,0
DA:509,0
DA:510,0
DA:511,0
DA:512,0
DA:513,0
DA:514,0
DA:515,0
DA:516,0
DA:517,0
DA:518,0
DA:519,7
DA:520,7
DA:521,7
DA:522,7
DA:523,7
DA:524,7
DA:525,7
DA:526,7
DA:527,7
DA:528,0
DA:529,0
DA:530,0
DA:531,0
DA:532,0
DA:533,0
DA:534,0
DA:535,0
DA:536,0
DA:537,0
DA:538,7
DA:539,7
DA:540,7
DA:541,7
DA:542,7
DA:543,7
DA:544,7
DA:545,7
DA:546,7
DA:547,7
DA:548,7
DA:549,7
DA:550,7
DA:551,7
DA:552,7
DA:553,7
DA:554,7
DA:555,7
DA:556,7
DA:557,7
DA:558,7
DA:559,7
DA:560,7
DA:561,7
DA:562,7
DA:563,7
DA:564,7
DA:565,7
DA:566,7
DA:567,7
DA:568,7
DA:569,25
DA:570,25
DA:571,25
DA:572,25
DA:573,25
DA:574,25
DA:575,25
DA:576,25
DA:577,25
DA:578,25
DA:579,25
DA:580,25
DA:581,25
DA:582,25
DA:583,25
DA:584,25
DA:585,25
DA:586,25
DA:587,25
DA:588,25
DA:589,25
DA:590,25
DA:591,25
DA:592,25
DA:593,25
DA:594,25
DA:595,7
DA:596,7
DA:597,7
DA:598,7
DA:599,7
DA:600,7
DA:601,7
DA:602,7
DA:603,7
DA:604,7
DA:605,7
DA:606,7
DA:607,7
DA:608,7
DA:609,7
DA:610,7
DA:611,7
DA:612,7
DA:613,7
DA:614,7
DA:615,7
DA:616,7
DA:617,7
DA:618,7
DA:619,7
DA:620,7
DA:621,7
DA:622,7
DA:623,7
DA:624,7
DA:625,7
DA:626,7
DA:627,7
DA:628,7
DA:629,7
DA:630,7
DA:631,7
DA:632,7
DA:633,7
DA:634,7
DA:635,7
DA:636,7
DA:637,7
DA:638,7
DA:639,7
DA:640,7
DA:641,7
DA:642,7
DA:643,7
DA:644,7
DA:645,7
DA:646,7
DA:647,7
DA:648,7
DA:649,7
DA:650,5
DA:651,5
DA:652,5
DA:653,5
DA:654,5
DA:655,5
DA:656,5
DA:657,5
DA:658,5
DA:659,5
DA:660,5
DA:661,5
DA:662,5
DA:663,5
DA:664,7
DA:665,7
DA:666,7
DA:667,0
DA:668,0
DA:669,0
DA:670,0
DA:671,0
DA:672,7
DA:673,7
DA:674,7
DA:675,0
DA:676,0
DA:677,0
DA:678,0
DA:679,0
DA:680,0
DA:681,0
DA:682,0
DA:683,0
DA:684,0
DA:685,0
DA:686,0
DA:687,0
DA:688,0
DA:689,0
DA:690,0
DA:691,0
DA:692,0
DA:693,7
DA:694,7
DA:695,7
DA:696,0
DA:697,0
DA:698,0
DA:699,0
DA:700,0
DA:701,0
DA:702,0
DA:703,0
DA:704,0
DA:705,0
DA:706,0
DA:707,0
DA:708,0
DA:709,0
DA:710,7
DA:711,7
DA:712,7
DA:713,0
DA:714,0
DA:715,0
DA:716,0
DA:717,0
DA:718,0
DA:719,0
DA:720,0
DA:721,0
DA:722,0
DA:723,0
DA:724,7
DA:725,7
DA:726,7
DA:727,7
DA:728,7
DA:729,7
DA:730,1
DA:731,1
DA:732,1
DA:733,1
DA:734,0
DA:735,0
DA:736,0
DA:737,0
DA:738,0
DA:739,0
DA:740,0
DA:741,0
DA:742,0
DA:743,0
DA:744,0
DA:745,0
DA:746,0
DA:747,0
DA:748,0
DA:749,0
DA:750,0
DA:751,0
DA:752,0
DA:753,0
DA:754,0
DA:755,0
DA:756,0
DA:757,0
DA:758,0
DA:759,0
DA:760,0
DA:761,0
DA:762,0
DA:763,0
DA:764,0
DA:765,0
DA:766,0
DA:767,0
DA:768,0
DA:769,0
DA:770,0
DA:771,0
DA:772,0
DA:773,0
DA:774,0
DA:775,0
DA:776,0
DA:777,0
DA:778,0
DA:779,0
DA:780,0
DA:781,0
DA:782,0
DA:783,0
DA:784,0
DA:785,0
DA:786,0
DA:787,0
DA:788,0
DA:789,0
DA:790,0
DA:791,0
DA:792,0
DA:793,0
DA:794,0
DA:795,0
DA:796,0
DA:797,0
DA:798,0
DA:799,0
DA:800,0
DA:801,0
DA:802,0
DA:803,0
DA:804,0
DA:805,0
DA:806,0
DA:807,0
DA:808,0
DA:809,0
DA:810,0
DA:811,0
DA:812,0
DA:813,0
DA:814,0
DA:815,0
DA:816,0
DA:817,0
DA:818,0
DA:819,0
DA:820,0
DA:821,0
DA:822,0
DA:823,0
DA:824,0
DA:825,0
DA:826,0
DA:827,0
DA:828,0
DA:829,0
DA:830,0
DA:831,0
DA:832,0
DA:833,0
DA:834,0
DA:835,0
DA:836,0
DA:837,0
DA:838,0
DA:839,0
DA:840,0
DA:841,0
DA:842,0
DA:843,0
DA:844,0
DA:845,0
DA:846,0
DA:847,0
DA:848,0
DA:849,0
DA:850,0
DA:851,1
DA:852,1
DA:853,1
DA:854,5
DA:855,5
DA:856,5
DA:857,5
DA:858,5
DA:859,5
DA:860,5
DA:861,5
DA:862,5
DA:863,5
DA:864,5
DA:865,5
DA:866,5
DA:867,5
DA:868,5
DA:869,5
DA:870,5
DA:871,5
DA:872,5
DA:873,5
DA:874,5
DA:875,5
DA:876,5
DA:877,5
DA:878,5
DA:879,5
DA:880,5
DA:881,5
DA:882,5
DA:883,5
DA:884,5
DA:885,5
DA:886,5
DA:887,5
DA:888,5
DA:889,5
DA:890,5
DA:891,5
DA:892,1
DA:893,0
DA:894,0
DA:895,0
DA:896,0
DA:897,0
DA:898,0
DA:899,0
DA:900,0
DA:901,0
DA:902,0
DA:903,0
DA:904,0
DA:905,0
DA:906,0
DA:907,0
DA:908,0
DA:909,0
DA:910,0
DA:911,0
DA:912,0
DA:913,0
DA:914,0
DA:915,0
DA:916,0
DA:917,0
DA:918,0
DA:919,0
DA:920,0
DA:921,0
DA:922,0
DA:923,0
DA:924,0
DA:925,0
DA:926,0
DA:927,0
DA:928,0
DA:929,0
DA:930,0
DA:931,0
DA:932,0
DA:933,0
DA:934,0
DA:935,0
DA:936,0
DA:937,0
DA:938,0
DA:939,0
DA:940,0
DA:941,0
DA:942,0
DA:943,0
DA:944,0
DA:945,1
DA:946,0
DA:947,0
DA:948,0
DA:949,0
DA:950,0
DA:951,0
DA:952,0
DA:953,0
DA:954,0
DA:955,0
DA:956,0
DA:957,0
DA:958,0
DA:959,0
DA:960,0
DA:961,0
DA:962,0
DA:963,0
DA:964,0
DA:965,0
DA:966,0
DA:967,0
DA:968,0
DA:969,0
DA:970,0
DA:971,0
DA:972,0
DA:973,0
DA:974,0
DA:975,0
DA:976,0
DA:977,0
DA:978,0
DA:979,0
DA:980,0
DA:981,0
DA:982,0
DA:983,0
DA:984,0
DA:985,0
DA:986,0
DA:987,0
DA:988,0
DA:989,0
DA:990,0
DA:991,0
DA:992,0
DA:993,0
DA:994,0
DA:995,0
DA:996,0
DA:997,0
DA:998,0
DA:999,0
DA:1000,0
DA:1001,0
DA:1002,0
DA:1003,0
DA:1004,0
DA:1005,0
DA:1006,0
DA:1007,0
DA:1008,0
DA:1009,0
DA:1010,0
DA:1011,0
DA:1012,0
DA:1013,0
DA:1014,0
DA:1015,0
DA:1016,1
DA:1017,0
DA:1018,0
DA:1019,0
DA:1020,0
DA:1021,0
DA:1022,0
DA:1023,0
DA:1024,0
DA:1025,0
DA:1026,0
DA:1027,0
DA:1028,0
DA:1029,0
DA:1030,0
DA:1031,0
DA:1032,0
DA:1033,0
DA:1034,0
DA:1035,0
DA:1036,0
DA:1037,0
DA:1038,0
DA:1039,0
DA:1040,0
DA:1041,0
DA:1042,0
DA:1043,0
DA:1044,0
DA:1045,0
DA:1046,0
DA:1047,0
DA:1048,0
DA:1049,0
DA:1050,0
DA:1051,0
DA:1052,0
DA:1053,0
DA:1054,0
DA:1055,0
DA:1056,0
DA:1057,0
DA:1058,0
DA:1059,0
DA:1060,0
DA:1061,0
LF:1061
LH:492
BRDA:116,0,0,98
BRDA:117,1,0,0
BRDA:118,2,0,0
BRDA:122,3,0,2
BRDA:123,4,0,16
BRDA:134,5,0,6
BRDA:135,6,0,0
BRDA:155,7,0,7
BRDA:524,8,0,0
BRDA:620,9,0,0
BRDA:620,10,0,5
BRDA:642,11,0,0
BRDA:642,12,0,5
BRDA:649,13,0,5
BRDA:666,14,0,0
BRDA:674,15,0,0
BRDA:695,16,0,0
BRDA:712,17,0,0
BRDA:211,18,0,2
BRDA:211,19,0,16
BRDA:211,20,0,14
BRDA:213,21,0,2
BRDA:215,22,0,2
BRDA:241,23,0,2
BRDA:245,24,0,2
BRDA:251,25,0,16
BRDA:255,26,0,14
BRDA:255,27,0,2
BRDA:256,28,0,14
BRDA:256,29,0,2
BRDA:257,30,0,14
BRDA:257,31,0,2
BRDA:264,32,0,2
BRDA:270,33,0,0
BRDA:277,34,0,16
BRDA:277,35,0,14
BRDA:281,36,0,16
BRDA:281,37,0,14
BRDA:289,38,0,1
BRDA:298,39,0,2
BRDA:301,40,0,2
BRDA:520,41,0,40
BRDA:521,42,0,40
BRDA:522,43,0,35
BRDA:523,44,0,35
BRDA:524,45,0,35
BRDA:568,46,0,25
BRDA:580,47,0,5
BRDA:580,48,0,20
BRDA:581,49,0,5
BRDA:581,50,0,20
BRDA:582,51,0,5
BRDA:582,52,0,20
BRDA:854,53,0,5
BRDA:861,54,0,0
BRDA:866,55,0,0
BRDA:875,56,0,2
BRDA:875,57,0,3
BRDA:880,58,0,2
BRDA:880,59,0,2
BRDA:880,60,0,3
BRDA:880,61,0,1
BRF:62
BRH:49
end_of_record
TN:
SF:src\components\Card.jsx
FN:4,Card
FNF:1
FNH:1
FNDA:37,Card
DA:1,1
DA:2,1
DA:3,1
DA:4,1
DA:5,37
DA:6,37
DA:7,37
DA:8,37
DA:9,37
DA:10,37
DA:11,1
DA:12,1
DA:13,1
DA:14,1
DA:15,1
DA:16,1
DA:17,1
LF:17
LH:17
BRDA:4,0,0,37
BRF:1
BRH:1
end_of_record
TN:
SF:src\components\SectionTitle.jsx
FN:4,SectionTitle
FNF:1
FNH:1
FNDA:6,SectionTitle
DA:1,1
DA:2,1
DA:3,1
DA:4,6
DA:5,6
DA:6,6
DA:7,6
DA:8,6
DA:9,6
DA:10,6
DA:11,6
DA:12,6
DA:13,6
DA:14,1
DA:15,1
DA:16,1
DA:17,1
DA:18,1
LF:18
LH:18
BRDA:4,0,0,6
BRF:1
BRH:1
end_of_record
TN:
SF:src\components\StatCard.jsx
FN:5,StatCard
FNF:1
FNH:1
FNDA:31,StatCard
DA:1,1
DA:2,1
DA:3,1
DA:4,1
DA:5,1
DA:6,31
DA:7,31
DA:8,31
DA:9,31
DA:10,31
DA:11,31
DA:12,31
DA:13,31
DA:14,31
DA:15,31
DA:16,31
DA:17,31
DA:18,1
DA:19,1
DA:20,1
DA:21,1
DA:22,1
DA:23,1
DA:24,1
DA:25,1
DA:26,1
DA:27,1
LF:27
LH:27
BRDA:5,0,0,31
BRDA:7,1,0,5
BRDA:8,2,0,5
BRDA:14,3,0,5
BRDA:14,4,0,26
BRDA:14,5,0,5
BRDA:14,6,0,21
BRF:7
BRH:7
end_of_record
TN:
SF:src\utils\api.js
FN:2,fetchWithTimeout
FN:15,callGeminiSafe
FNF:2
FNH:1
FNDA:0,fetchWithTimeout
FNDA:2,callGeminiSafe
DA:1,1
DA:2,1
DA:3,0
DA:4,0
DA:5,0
DA:6,0
DA:7,0
DA:8,0
DA:9,0
DA:10,0
DA:11,0
DA:12,0
DA:13,0
DA:14,1
DA:15,1
DA:16,2
DA:17,2
DA:18,2
DA:19,2
DA:20,0
DA:21,0
DA:22,0
DA:23,0
DA:24,0
DA:25,0
DA:26,0
DA:27,0
DA:28,0
DA:29,0
DA:30,0
DA:31,0
DA:32,0
DA:33,0
DA:34,0
DA:35,0
DA:36,0
DA:37,0
DA:38,0
DA:39,0
DA:40,0
DA:41,0
DA:42,0
DA:43,0
DA:44,0
DA:45,0
DA:46,0
DA:47,0
DA:48,0
DA:49,0
DA:50,0
LF:50
LH:8
BRDA:15,0,0,2
BRDA:20,1,0,0
BRF:2
BRH:1
end_of_record
